<?xml version="1.0" encoding="UTF-8"?>
<!-- Generated by org.testng.reporters.JUnitReportReporter -->
<testsuite hostname="LAPTOP-JMV1ERDT" failures="0" tests="2" name="Academy.TestCasepack.Homepage" time="26.496" errors="0" timestamp="03 Apr 2022 20:20:25 GMT" skipped="0">
  <testcase classname="Academy.TestCasepack.Homepage" name="basePageNavigation" time="11.425"/>
  <testcase classname="Academy.TestCasepack.Homepage" name="basePageNavigation" time="15.071"/>
</testsuite> <!-- Academy.TestCasepack.Homepage -->
