<?xml version="1.0" encoding="UTF-8"?>
<!-- Generated by org.testng.reporters.JUnitReportReporter -->
<testsuite hostname="LAPTOP-JMV1ERDT" failures="0" tests="1" name="Academy.FinalFrameWork.TestCases" time="8.535" errors="0" timestamp="02 Apr 2022 11:30:03 GMT" skipped="0">
  <testcase classname="Academy.FinalFrameWork.TestCases" name="testc" time="8.535"/>
</testsuite> <!-- Academy.FinalFrameWork.TestCases -->
