<?xml version="1.0" encoding="UTF-8"?>
<!-- Generated by org.testng.reporters.JUnitReportReporter -->
<testsuite hostname="LAPTOP-JMV1ERDT" failures="0" tests="1" name="Academy.TestCasepack.TestCases" time="6.450" errors="0" timestamp="02 Apr 2022 17:26:30 GMT" skipped="0">
  <testcase classname="Academy.TestCasepack.TestCases" name="testc" time="6.450"/>
</testsuite> <!-- Academy.TestCasepack.TestCases -->
