<?xml version="1.0" encoding="UTF-8"?>
<!-- Generated by org.testng.reporters.JUnitReportReporter -->
<testsuite hostname="LAPTOP-JMV1ERDT" failures="0" tests="1" name="Academy.TestCasepack.LandingPage" time="20.748" errors="0" timestamp="03 Apr 2022 13:46:07 GMT" skipped="0">
  <testcase classname="Academy.TestCasepack.LandingPage" name="testc" time="20.748"/>
</testsuite> <!-- Academy.TestCasepack.LandingPage -->
