<?xml version="1.0" encoding="UTF-8"?>
<!-- Generated by org.testng.reporters.JUnitReportReporter -->
<testsuite hostname="Vinod" failures="0" tests="2" name="Academy.TestCasepack.Homepage" time="38.144" errors="0" timestamp="18 Jun 2022 14:22:59 GMT" skipped="0">
  <testcase classname="Academy.TestCasepack.Homepage" name="basePageNavigation" time="21.023"/>
  <testcase classname="Academy.TestCasepack.Homepage" name="basePageNavigation" time="17.121"/>
</testsuite> <!-- Academy.TestCasepack.Homepage -->
