<?xml version="1.0" encoding="UTF-8"?>
<!-- Generated by org.testng.reporters.JUnitReportReporter -->
<testsuite hostname="LAPTOP-JMV1ERDT" failures="0" tests="1" name="Academy.TestCasepack.Homepage" time="19.767" errors="0" timestamp="03 Apr 2022 19:31:33 GMT" skipped="0">
  <testcase classname="Academy.TestCasepack.Homepage" name="testc" time="19.767"/>
</testsuite> <!-- Academy.TestCasepack.Homepage -->
