<?xml version="1.0" encoding="UTF-8"?>
<!-- Generated by org.testng.reporters.JUnitReportReporter -->
<testsuite hostname="Vinod" failures="0" tests="2" name="Academy.TestCasepack.Homepage" time="28.763" errors="0" timestamp="18 Jun 2022 06:44:47 GMT" skipped="0">
  <testcase classname="Academy.TestCasepack.Homepage" name="basePageNavigation" time="15.312"/>
  <testcase classname="Academy.TestCasepack.Homepage" name="basePageNavigation" time="13.451"/>
</testsuite> <!-- Academy.TestCasepack.Homepage -->
