<?xml version="1.0" encoding="UTF-8"?>
<!-- Generated by org.testng.reporters.JUnitReportReporter -->
<testsuite hostname="Vinod" failures="0" tests="3" name="cucumberOptions.TestRunner" time="57.037" errors="0" timestamp="2022-07-10T00:47:03 IST" skipped="0">
  <testcase classname="cucumberOptions.TestRunner" name="runScenario" time="22.044"/>
  <system-out/>
  <testcase classname="cucumberOptions.TestRunner" name="runScenario" time="19.108"/>
  <system-out/>
  <testcase classname="cucumberOptions.TestRunner" name="runScenario" time="15.885"/>
  <system-out/>
</testsuite> <!-- cucumberOptions.TestRunner -->
