<?xml version="1.0" encoding="UTF-8"?>
<!-- Generated by org.testng.reporters.JUnitReportReporter -->
<testsuite hostname="Vinod" failures="0" tests="3" name="cucumberOptions.TestRunner" time="54.773" errors="0" timestamp="2022-07-10T14:09:57 IST" skipped="0">
  <testcase classname="cucumberOptions.TestRunner" name="runScenario" time="15.625"/>
  <system-out/>
  <testcase classname="cucumberOptions.TestRunner" name="runScenario" time="14.966"/>
  <system-out/>
  <testcase classname="cucumberOptions.TestRunner" name="runScenario" time="24.182"/>
  <system-out/>
</testsuite> <!-- cucumberOptions.TestRunner -->
