<?xml version="1.0" encoding="UTF-8"?>
<!-- Generated by org.testng.reporters.JUnitReportReporter -->
<testsuite hostname="Vinod" failures="0" tests="2" name="Academy.TestCasepack.Homepage" time="26.244" errors="0" timestamp="18 Jun 2022 07:40:20 GMT" skipped="0">
  <testcase classname="Academy.TestCasepack.Homepage" name="basePageNavigation" time="13.780"/>
  <testcase classname="Academy.TestCasepack.Homepage" name="basePageNavigation" time="12.464"/>
</testsuite> <!-- Academy.TestCasepack.Homepage -->
