<?xml version="1.0" encoding="UTF-8"?>
<!-- Generated by org.testng.reporters.JUnitReportReporter -->
<testsuite hostname="LAPTOP-JMV1ERDT" failures="0" tests="2" name="Academy.TestCasepack.Homepage" time="24.449" errors="0" timestamp="03 Apr 2022 20:12:57 GMT" skipped="0">
  <testcase classname="Academy.TestCasepack.Homepage" name="basePageNavigation" time="13.914"/>
  <testcase classname="Academy.TestCasepack.Homepage" name="basePageNavigation" time="10.535"/>
</testsuite> <!-- Academy.TestCasepack.Homepage -->
