<?xml version="1.0" encoding="UTF-8"?>
<!-- Generated by org.testng.reporters.JUnitReportReporter -->
<testsuite hostname="LAPTOP-JMV1ERDT" failures="0" tests="1" name="Academy.TestCasepack.LandingPage" time="19.914" errors="0" timestamp="03 Apr 2022 16:54:31 GMT" skipped="0">
  <testcase classname="Academy.TestCasepack.LandingPage" name="testc" time="19.914"/>
</testsuite> <!-- Academy.TestCasepack.LandingPage -->
