<?xml version="1.0" encoding="UTF-8"?>
<!-- Generated by org.testng.reporters.JUnitReportReporter -->
<testsuite hostname="LAPTOP-JMV1ERDT" failures="0" tests="1" name="Academy.TestCasepack.LandingPage" time="13.758" errors="0" timestamp="03 Apr 2022 14:42:04 GMT" skipped="0">
  <testcase classname="Academy.TestCasepack.LandingPage" name="testc" time="13.758"/>
</testsuite> <!-- Academy.TestCasepack.LandingPage -->
