<?xml version="1.0" encoding="UTF-8"?>
<!-- Generated by org.testng.reporters.JUnitReportReporter -->
<testsuite skipped="0" hostname="Vinod" name="Academy.TestCasepack.Homepage" tests="2" failures="0" timestamp="19 Jun 2022 19:48:31 GMT" time="14.905" errors="0">
  <testcase name="basePageNavigation" time="9.966" classname="Academy.TestCasepack.Homepage"/>
  <testcase name="basePageNavigation" time="4.939" classname="Academy.TestCasepack.Homepage"/>
</testsuite> <!-- Academy.TestCasepack.Homepage -->
