<?xml version="1.0" encoding="UTF-8"?>
<!-- Generated by org.testng.reporters.JUnitReportReporter -->
<testsuite hostname="Vinod" failures="0" tests="2" name="Academy.TestCasepack.Homepage" time="30.793" errors="0" timestamp="18 Jun 2022 14:28:13 GMT" skipped="0">
  <testcase classname="Academy.TestCasepack.Homepage" name="basePageNavigation" time="15.327"/>
  <testcase classname="Academy.TestCasepack.Homepage" name="basePageNavigation" time="15.466"/>
</testsuite> <!-- Academy.TestCasepack.Homepage -->
