<?xml version="1.0" encoding="UTF-8"?>
<!-- Generated by org.testng.reporters.JUnitReportReporter -->
<testsuite hostname="Vinod" failures="0" tests="3" name="cucumberOptions.TestRunner" time="48.893" errors="0" timestamp="2022-07-10T14:13:04 IST" skipped="0">
  <testcase classname="cucumberOptions.TestRunner" name="runScenario" time="14.694"/>
  <system-out/>
  <testcase classname="cucumberOptions.TestRunner" name="runScenario" time="15.388"/>
  <system-out/>
  <testcase classname="cucumberOptions.TestRunner" name="runScenario" time="18.811"/>
  <system-out/>
</testsuite> <!-- cucumberOptions.TestRunner -->
